Flow report for TowerDefence
Tue Jan 22 15:54:58 2013
Quartus II 32-bit Version 12.0 Build 263 08/02/2012 Service Pack 2 SJ Web Edition


---------------------
; Table of Contents ;
---------------------
  1. Legal Notice
  2. Flow Summary
  3. Flow Settings
  4. Flow Non-Default Global Settings
  5. Flow Elapsed Time
  6. Flow OS Summary
  7. Flow Log



----------------
; Legal Notice ;
----------------
Copyright (C) 1991-2012 Altera Corporation
Your use of Altera Corporation's design tools, logic functions 
and other software and tools, and its AMPP partner logic 
functions, and any output files from any of the foregoing 
(including device programming or simulation files), and any 
associated documentation or information are expressly subject 
to the terms and conditions of the Altera Program License 
Subscription Agreement, Altera MegaCore Function License 
Agreement, or other applicable license agreement, including, 
without limitation, that your use is for the sole purpose of 
programming logic devices manufactured by Altera and sold by 
Altera or its authorized distributors.  Please refer to the 
applicable agreement for further details.



+------------------------------------------------------------------------------------+
; Flow Summary                                                                       ;
+------------------------------------+-----------------------------------------------+
; Flow Status                        ; Successful - Tue Jan 22 15:54:58 2013         ;
; Quartus II 32-bit Version          ; 12.0 Build 263 08/02/2012 SP 2 SJ Web Edition ;
; Revision Name                      ; TowerDefence                                  ;
; Top-level Entity Name              ; TowerDefence                                  ;
; Family                             ; Cyclone II                                    ;
; Device                             ; EP2C35F672C6                                  ;
; Timing Models                      ; Final                                         ;
; Total logic elements               ; 6,840 / 33,216 ( 21 % )                       ;
;     Total combinational functions  ; 6,107 / 33,216 ( 18 % )                       ;
;     Dedicated logic registers      ; 4,427 / 33,216 ( 13 % )                       ;
; Total registers                    ; 4495                                          ;
; Total pins                         ; 118 / 475 ( 25 % )                            ;
; Total virtual pins                 ; 0                                             ;
; Total memory bits                  ; 157,184 / 483,840 ( 32 % )                    ;
; Embedded Multiplier 9-bit elements ; 4 / 70 ( 6 % )                                ;
; Total PLLs                         ; 1 / 4 ( 25 % )                                ;
+------------------------------------+-----------------------------------------------+


+-----------------------------------------+
; Flow Settings                           ;
+-------------------+---------------------+
; Option            ; Setting             ;
+-------------------+---------------------+
; Start date & time ; 01/22/2013 15:53:24 ;
; Main task         ; Compilation         ;
; Revision Name     ; TowerDefence        ;
+-------------------+---------------------+


+--------------------------------------------------------------------------------------------------------------------------------------------------------------------------+
; Flow Non-Default Global Settings                                                                                                                                         ;
+-------------------------------------+---------------------------------------------------------------------+---------------+---------------------------------+------------+
; Assignment Name                     ; Value                                                               ; Default Value ; Entity Name                     ; Section Id ;
+-------------------------------------+---------------------------------------------------------------------+---------------+---------------------------------+------------+
; COMPILER_SIGNATURE_ID               ; 17871151156192.135889880201436                                      ; --            ; --                              ; --         ;
; IP_TOOL_ENV                         ; qsys                                                                ; --            ; altera_avalon_sc_fifo           ; --         ;
; IP_TOOL_ENV                         ; qsys                                                                ; --            ; altera_merlin_burst_adapter     ; --         ;
; IP_TOOL_ENV                         ; qsys                                                                ; --            ; altera_merlin_master_agent      ; --         ;
; IP_TOOL_ENV                         ; qsys                                                                ; --            ; altera_merlin_master_translator ; --         ;
; IP_TOOL_ENV                         ; qsys                                                                ; --            ; altera_merlin_slave_agent       ; --         ;
; IP_TOOL_ENV                         ; qsys                                                                ; --            ; altera_merlin_slave_translator  ; --         ;
; IP_TOOL_ENV                         ; qsys                                                                ; --            ; altera_merlin_traffic_limiter   ; --         ;
; IP_TOOL_ENV                         ; qsys                                                                ; --            ; altera_merlin_width_adapter     ; --         ;
; IP_TOOL_ENV                         ; qsys                                                                ; --            ; altera_reset_controller         ; --         ;
; IP_TOOL_ENV                         ; qsys                                                                ; --            ; nios_system                     ; --         ;
; IP_TOOL_ENV                         ; qsys                                                                ; --            ; nios_system_addr_router         ; --         ;
; IP_TOOL_ENV                         ; qsys                                                                ; --            ; nios_system_addr_router_001     ; --         ;
; IP_TOOL_ENV                         ; qsys                                                                ; --            ; nios_system_addr_router_002     ; --         ;
; IP_TOOL_ENV                         ; qsys                                                                ; --            ; nios_system_cmd_xbar_demux      ; --         ;
; IP_TOOL_ENV                         ; qsys                                                                ; --            ; nios_system_cmd_xbar_demux_001  ; --         ;
; IP_TOOL_ENV                         ; qsys                                                                ; --            ; nios_system_cmd_xbar_demux_002  ; --         ;
; IP_TOOL_ENV                         ; qsys                                                                ; --            ; nios_system_cmd_xbar_mux        ; --         ;
; IP_TOOL_ENV                         ; qsys                                                                ; --            ; nios_system_cmd_xbar_mux_001    ; --         ;
; IP_TOOL_ENV                         ; qsys                                                                ; --            ; nios_system_id_router           ; --         ;
; IP_TOOL_ENV                         ; qsys                                                                ; --            ; nios_system_id_router_001       ; --         ;
; IP_TOOL_ENV                         ; qsys                                                                ; --            ; nios_system_id_router_002       ; --         ;
; IP_TOOL_ENV                         ; qsys                                                                ; --            ; nios_system_id_router_005       ; --         ;
; IP_TOOL_ENV                         ; qsys                                                                ; --            ; nios_system_id_router_008       ; --         ;
; IP_TOOL_ENV                         ; qsys                                                                ; --            ; nios_system_irq_mapper          ; --         ;
; IP_TOOL_ENV                         ; qsys                                                                ; --            ; nios_system_jtag_uart           ; --         ;
; IP_TOOL_ENV                         ; qsys                                                                ; --            ; nios_system_leds                ; --         ;
; IP_TOOL_ENV                         ; qsys                                                                ; --            ; nios_system_nios2_processor     ; --         ;
; IP_TOOL_ENV                         ; qsys                                                                ; --            ; nios_system_rsp_xbar_demux      ; --         ;
; IP_TOOL_ENV                         ; qsys                                                                ; --            ; nios_system_rsp_xbar_demux_001  ; --         ;
; IP_TOOL_ENV                         ; qsys                                                                ; --            ; nios_system_rsp_xbar_demux_002  ; --         ;
; IP_TOOL_ENV                         ; qsys                                                                ; --            ; nios_system_rsp_xbar_demux_008  ; --         ;
; IP_TOOL_ENV                         ; qsys                                                                ; --            ; nios_system_rsp_xbar_mux        ; --         ;
; IP_TOOL_ENV                         ; qsys                                                                ; --            ; nios_system_rsp_xbar_mux_001    ; --         ;
; IP_TOOL_ENV                         ; qsys                                                                ; --            ; nios_system_sdram               ; --         ;
; IP_TOOL_ENV                         ; qsys                                                                ; --            ; nios_system_timer               ; --         ;
; IP_TOOL_NAME                        ; RAM: 2-PORT                                                         ; --            ; --                              ; --         ;
; IP_TOOL_NAME                        ; altera_avalon_sc_fifo                                               ; --            ; altera_avalon_sc_fifo           ; --         ;
; IP_TOOL_NAME                        ; altera_merlin_burst_adapter                                         ; --            ; altera_merlin_burst_adapter     ; --         ;
; IP_TOOL_NAME                        ; altera_merlin_master_agent                                          ; --            ; altera_merlin_master_agent      ; --         ;
; IP_TOOL_NAME                        ; altera_merlin_master_translator                                     ; --            ; altera_merlin_master_translator ; --         ;
; IP_TOOL_NAME                        ; altera_merlin_slave_agent                                           ; --            ; altera_merlin_slave_agent       ; --         ;
; IP_TOOL_NAME                        ; altera_merlin_slave_translator                                      ; --            ; altera_merlin_slave_translator  ; --         ;
; IP_TOOL_NAME                        ; altera_merlin_traffic_limiter                                       ; --            ; altera_merlin_traffic_limiter   ; --         ;
; IP_TOOL_NAME                        ; altera_merlin_width_adapter                                         ; --            ; altera_merlin_width_adapter     ; --         ;
; IP_TOOL_NAME                        ; altera_reset_controller                                             ; --            ; altera_reset_controller         ; --         ;
; IP_TOOL_NAME                        ; qsys                                                                ; --            ; nios_system                     ; --         ;
; IP_TOOL_NAME                        ; altera_merlin_router                                                ; --            ; nios_system_addr_router         ; --         ;
; IP_TOOL_NAME                        ; altera_merlin_router                                                ; --            ; nios_system_addr_router_001     ; --         ;
; IP_TOOL_NAME                        ; altera_merlin_router                                                ; --            ; nios_system_addr_router_002     ; --         ;
; IP_TOOL_NAME                        ; altera_merlin_demultiplexer                                         ; --            ; nios_system_cmd_xbar_demux      ; --         ;
; IP_TOOL_NAME                        ; altera_merlin_demultiplexer                                         ; --            ; nios_system_cmd_xbar_demux_001  ; --         ;
; IP_TOOL_NAME                        ; altera_merlin_demultiplexer                                         ; --            ; nios_system_cmd_xbar_demux_002  ; --         ;
; IP_TOOL_NAME                        ; altera_merlin_multiplexer                                           ; --            ; nios_system_cmd_xbar_mux        ; --         ;
; IP_TOOL_NAME                        ; altera_merlin_multiplexer                                           ; --            ; nios_system_cmd_xbar_mux_001    ; --         ;
; IP_TOOL_NAME                        ; altera_merlin_router                                                ; --            ; nios_system_id_router           ; --         ;
; IP_TOOL_NAME                        ; altera_merlin_router                                                ; --            ; nios_system_id_router_001       ; --         ;
; IP_TOOL_NAME                        ; altera_merlin_router                                                ; --            ; nios_system_id_router_002       ; --         ;
; IP_TOOL_NAME                        ; altera_merlin_router                                                ; --            ; nios_system_id_router_005       ; --         ;
; IP_TOOL_NAME                        ; altera_merlin_router                                                ; --            ; nios_system_id_router_008       ; --         ;
; IP_TOOL_NAME                        ; altera_irq_mapper                                                   ; --            ; nios_system_irq_mapper          ; --         ;
; IP_TOOL_NAME                        ; altera_avalon_jtag_uart                                             ; --            ; nios_system_jtag_uart           ; --         ;
; IP_TOOL_NAME                        ; altera_avalon_pio                                                   ; --            ; nios_system_leds                ; --         ;
; IP_TOOL_NAME                        ; altera_nios2_qsys                                                   ; --            ; nios_system_nios2_processor     ; --         ;
; IP_TOOL_NAME                        ; altera_merlin_demultiplexer                                         ; --            ; nios_system_rsp_xbar_demux      ; --         ;
; IP_TOOL_NAME                        ; altera_merlin_demultiplexer                                         ; --            ; nios_system_rsp_xbar_demux_001  ; --         ;
; IP_TOOL_NAME                        ; altera_merlin_demultiplexer                                         ; --            ; nios_system_rsp_xbar_demux_002  ; --         ;
; IP_TOOL_NAME                        ; altera_merlin_demultiplexer                                         ; --            ; nios_system_rsp_xbar_demux_008  ; --         ;
; IP_TOOL_NAME                        ; altera_merlin_multiplexer                                           ; --            ; nios_system_rsp_xbar_mux        ; --         ;
; IP_TOOL_NAME                        ; altera_merlin_multiplexer                                           ; --            ; nios_system_rsp_xbar_mux_001    ; --         ;
; IP_TOOL_NAME                        ; altera_avalon_new_sdram_controller                                  ; --            ; nios_system_sdram               ; --         ;
; IP_TOOL_NAME                        ; altera_avalon_timer                                                 ; --            ; nios_system_timer               ; --         ;
; IP_TOOL_VERSION                     ; 8.0                                                                 ; --            ; --                              ; --         ;
; IP_TOOL_VERSION                     ; 12.0                                                                ; --            ; altera_avalon_sc_fifo           ; --         ;
; IP_TOOL_VERSION                     ; 12.0                                                                ; --            ; altera_merlin_burst_adapter     ; --         ;
; IP_TOOL_VERSION                     ; 12.0                                                                ; --            ; altera_merlin_master_agent      ; --         ;
; IP_TOOL_VERSION                     ; 12.0                                                                ; --            ; altera_merlin_master_translator ; --         ;
; IP_TOOL_VERSION                     ; 12.0                                                                ; --            ; altera_merlin_slave_agent       ; --         ;
; IP_TOOL_VERSION                     ; 12.0                                                                ; --            ; altera_merlin_slave_translator  ; --         ;
; IP_TOOL_VERSION                     ; 12.0                                                                ; --            ; altera_merlin_traffic_limiter   ; --         ;
; IP_TOOL_VERSION                     ; 12.0                                                                ; --            ; altera_merlin_width_adapter     ; --         ;
; IP_TOOL_VERSION                     ; 12.0                                                                ; --            ; altera_reset_controller         ; --         ;
; IP_TOOL_VERSION                     ; 12.0sp2                                                             ; --            ; nios_system                     ; --         ;
; IP_TOOL_VERSION                     ; 12.0                                                                ; --            ; nios_system_addr_router         ; --         ;
; IP_TOOL_VERSION                     ; 12.0                                                                ; --            ; nios_system_addr_router_001     ; --         ;
; IP_TOOL_VERSION                     ; 12.0                                                                ; --            ; nios_system_addr_router_002     ; --         ;
; IP_TOOL_VERSION                     ; 12.0                                                                ; --            ; nios_system_cmd_xbar_demux      ; --         ;
; IP_TOOL_VERSION                     ; 12.0                                                                ; --            ; nios_system_cmd_xbar_demux_001  ; --         ;
; IP_TOOL_VERSION                     ; 12.0                                                                ; --            ; nios_system_cmd_xbar_demux_002  ; --         ;
; IP_TOOL_VERSION                     ; 12.0                                                                ; --            ; nios_system_cmd_xbar_mux        ; --         ;
; IP_TOOL_VERSION                     ; 12.0                                                                ; --            ; nios_system_cmd_xbar_mux_001    ; --         ;
; IP_TOOL_VERSION                     ; 12.0                                                                ; --            ; nios_system_id_router           ; --         ;
; IP_TOOL_VERSION                     ; 12.0                                                                ; --            ; nios_system_id_router_001       ; --         ;
; IP_TOOL_VERSION                     ; 12.0                                                                ; --            ; nios_system_id_router_002       ; --         ;
; IP_TOOL_VERSION                     ; 12.0                                                                ; --            ; nios_system_id_router_005       ; --         ;
; IP_TOOL_VERSION                     ; 12.0                                                                ; --            ; nios_system_id_router_008       ; --         ;
; IP_TOOL_VERSION                     ; 12.0                                                                ; --            ; nios_system_irq_mapper          ; --         ;
; IP_TOOL_VERSION                     ; 12.0                                                                ; --            ; nios_system_jtag_uart           ; --         ;
; IP_TOOL_VERSION                     ; 12.0                                                                ; --            ; nios_system_leds                ; --         ;
; IP_TOOL_VERSION                     ; 12.0                                                                ; --            ; nios_system_nios2_processor     ; --         ;
; IP_TOOL_VERSION                     ; 12.0                                                                ; --            ; nios_system_rsp_xbar_demux      ; --         ;
; IP_TOOL_VERSION                     ; 12.0                                                                ; --            ; nios_system_rsp_xbar_demux_001  ; --         ;
; IP_TOOL_VERSION                     ; 12.0                                                                ; --            ; nios_system_rsp_xbar_demux_002  ; --         ;
; IP_TOOL_VERSION                     ; 12.0                                                                ; --            ; nios_system_rsp_xbar_demux_008  ; --         ;
; IP_TOOL_VERSION                     ; 12.0                                                                ; --            ; nios_system_rsp_xbar_mux        ; --         ;
; IP_TOOL_VERSION                     ; 12.0                                                                ; --            ; nios_system_rsp_xbar_mux_001    ; --         ;
; IP_TOOL_VERSION                     ; 12.0                                                                ; --            ; nios_system_sdram               ; --         ;
; IP_TOOL_VERSION                     ; 12.0                                                                ; --            ; nios_system_timer               ; --         ;
; MAX_CORE_JUNCTION_TEMP              ; 85                                                                  ; --            ; --                              ; --         ;
; MIN_CORE_JUNCTION_TEMP              ; 0                                                                   ; --            ; --                              ; --         ;
; MISC_FILE                           ; nios_system/synthesis/../../nios_system.sopcinfo                    ; --            ; --                              ; --         ;
; MISC_FILE                           ; nios_system/synthesis/../../nios_system.qsys                        ; --            ; --                              ; --         ;
; MISC_FILE                           ; nios_system/synthesis/submodules/Altera_UP_SD_Card_Memory_Block.bsf ; --            ; --                              ; --         ;
; MISC_FILE                           ; nios_system/synthesis/submodules/Altera_UP_SD_Card_Memory_Block.cmp ; --            ; --                              ; --         ;
; PARTITION_COLOR                     ; 16764057                                                            ; --            ; --                              ; Top        ;
; PARTITION_FITTER_PRESERVATION_LEVEL ; PLACEMENT_AND_ROUTING                                               ; --            ; --                              ; Top        ;
; PARTITION_NETLIST_TYPE              ; SOURCE                                                              ; --            ; --                              ; Top        ;
; SLD_INFO                            ; QSYS_NAME nios_system HAS_SOPCINFO 1 GENERATION_ID 1358883679       ; --            ; nios_system                     ; --         ;
; SYNTHESIS_ONLY_QIP                  ; On                                                                  ; --            ; --                              ; --         ;
+-------------------------------------+---------------------------------------------------------------------+---------------+---------------------------------+------------+


+-------------------------------------------------------------------------------------------------------------------------------+
; Flow Elapsed Time                                                                                                             ;
+---------------------------+--------------+-------------------------+---------------------+------------------------------------+
; Module Name               ; Elapsed Time ; Average Processors Used ; Peak Virtual Memory ; Total CPU Time (on all processors) ;
+---------------------------+--------------+-------------------------+---------------------+------------------------------------+
; Analysis & Synthesis      ; 00:00:41     ; 1.0                     ; 467 MB              ; 00:00:41                           ;
; Fitter                    ; 00:00:42     ; 1.0                     ; 540 MB              ; 00:00:42                           ;
; Assembler                 ; 00:00:04     ; 1.0                     ; 344 MB              ; 00:00:04                           ;
; TimeQuest Timing Analyzer ; 00:00:04     ; 1.0                     ; 374 MB              ; 00:00:04                           ;
; Total                     ; 00:01:31     ; --                      ; --                  ; 00:01:31                           ;
+---------------------------+--------------+-------------------------+---------------------+------------------------------------+


+----------------------------------------------------------------------------------------+
; Flow OS Summary                                                                        ;
+---------------------------+------------------+-----------+------------+----------------+
; Module Name               ; Machine Hostname ; OS Name   ; OS Version ; Processor type ;
+---------------------------+------------------+-----------+------------+----------------+
; Analysis & Synthesis      ; DannyMac         ; Windows 7 ; 6.1        ; x86_64         ;
; Fitter                    ; DannyMac         ; Windows 7 ; 6.1        ; x86_64         ;
; Assembler                 ; DannyMac         ; Windows 7 ; 6.1        ; x86_64         ;
; TimeQuest Timing Analyzer ; DannyMac         ; Windows 7 ; 6.1        ; x86_64         ;
+---------------------------+------------------+-----------+------------+----------------+


------------
; Flow Log ;
------------
quartus_map --read_settings_files=on --write_settings_files=off TowerDefence -c TowerDefence
quartus_fit --read_settings_files=off --write_settings_files=off TowerDefence -c TowerDefence
quartus_asm --read_settings_files=off --write_settings_files=off TowerDefence -c TowerDefence
quartus_sta TowerDefence -c TowerDefence



